<?xml version='1.0'?>
<ns2:test-suite xmlns:ns2='urn:model.allure.qatools.yandex.ru' start='1669713768490' stop='1669713779995'>
    <name>Bootcamp E2E: Search Bar</name>
    <title>Bootcamp E2E: Search Bar</title>
    <test-cases>
        <test-case start='1669713768492' status='passed' stop='1669713768496'>
            <name></name>
            <title></title>
            <labels>
                <label name='language' value='javascript'/>
                <label name='framework' value='wdio'/>
                <label name='thread' value='0-0'/>
            </labels>
            <parameters>
                <parameter kind='argument' name='browser' value='chrome-107.0.5304.121'/>
            </parameters>
            <steps/>
            <attachments/>
        </test-case>
        <test-case start='1669713768497' status='passed' stop='1669713775762'>
            <name>Given You are on Newegg home page</name>
            <title>Given You are on Newegg home page</title>
            <labels>
                <label name='language' value='javascript'/>
                <label name='framework' value='wdio'/>
                <label name='thread' value='0-0'/>
            </labels>
            <parameters>
                <parameter kind='argument' name='browser' value='chrome-107.0.5304.121'/>
            </parameters>
            <steps>
                <step start='1669713768504' status='passed' stop='1669713775759'>
                    <name>POST /session/:sessionId/url</name>
                    <title>POST /session/:sessionId/url</title>
                    <attachments>
                        <attachment title='Request' source='f285174f-b49e-4bff-a8eb-4110b28d4144-attachment.json' type='application/json' size='38'/>
                    </attachments>
                    <steps/>
                </step>
            </steps>
            <attachments/>
        </test-case>
        <test-case start='1669713775763' status='passed' stop='1669713779985'>
            <name>* Close the promo banner if it appears</name>
            <title>* Close the promo banner if it appears</title>
            <labels>
                <label name='language' value='javascript'/>
                <label name='framework' value='wdio'/>
                <label name='thread' value='0-0'/>
            </labels>
            <parameters>
                <parameter kind='argument' name='browser' value='chrome-107.0.5304.121'/>
            </parameters>
            <steps>
                <step start='1669713775770' status='passed' stop='1669713776006'>
                    <name>POST /session/:sessionId/element</name>
                    <title>POST /session/:sessionId/element</title>
                    <attachments>
                        <attachment title='Request' source='4d5b0afd-86ee-4940-b4c1-d6a4938c23e8-attachment.json' type='application/json' size='58'/>
                        <attachment title='Response' source='32b14977-0b29-4774-abfb-75c0364704f2-attachment.json' type='application/json' size='1025'/>
                    </attachments>
                    <steps/>
                </step>
                <step start='1669713776026' status='passed' stop='1669713777686'>
                    <name>POST /session/:sessionId/element</name>
                    <title>POST /session/:sessionId/element</title>
                    <attachments>
                        <attachment title='Request' source='e50c96ae-b44c-44fc-86ad-5382a5f6ad79-attachment.json' type='application/json' size='58'/>
                        <attachment title='Response' source='0cf08fb3-0d00-44ad-99db-ff784a663def-attachment.json' type='application/json' size='1025'/>
                    </attachments>
                    <steps/>
                </step>
                <step start='1669713777704' status='passed' stop='1669713778118'>
                    <name>POST /session/:sessionId/element</name>
                    <title>POST /session/:sessionId/element</title>
                    <attachments>
                        <attachment title='Request' source='9b29d86c-753b-4a85-86e9-88dc2e114d42-attachment.json' type='application/json' size='58'/>
                        <attachment title='Response' source='484387ce-6827-4210-8b68-b4f3e642e825-attachment.json' type='application/json' size='1025'/>
                    </attachments>
                    <steps/>
                </step>
                <step start='1669713778140' status='passed' stop='1669713778534'>
                    <name>POST /session/:sessionId/element</name>
                    <title>POST /session/:sessionId/element</title>
                    <attachments>
                        <attachment title='Request' source='10e63d52-492a-4e4b-9d81-a24f9c45c58b-attachment.json' type='application/json' size='58'/>
                        <attachment title='Response' source='6052b92c-f1b5-43e7-9e80-33b13cdb6998-attachment.json' type='application/json' size='83'/>
                    </attachments>
                    <steps/>
                </step>
                <step start='1669713778541' status='passed' stop='1669713778908'>
                    <name>POST /session/:sessionId/execute/sync</name>
                    <title>POST /session/:sessionId/execute/sync</title>
                    <attachments>
                        <attachment title='Request' source='9bf833f6-4848-46ec-94d2-594e90ad4489-attachment.json' type='application/json' size='8338'/>
                        <attachment title='Response' source='8e9d5a2f-5841-4d02-b6e2-ee711be6e4b1-attachment.json' type='application/json' size='4'/>
                    </attachments>
                    <steps/>
                </step>
                <step start='1669713778909' status='passed' stop='1669713779096'>
                    <name>POST /session/:sessionId/element</name>
                    <title>POST /session/:sessionId/element</title>
                    <attachments>
                        <attachment title='Request' source='f36fc2e4-7b22-4e16-992e-830867a3d97d-attachment.json' type='application/json' size='114'/>
                        <attachment title='Response' source='15e251e8-ffce-43c3-9cdd-74c0abe013f7-attachment.json' type='application/json' size='83'/>
                    </attachments>
                    <steps/>
                </step>
                <step start='1669713779102' status='passed' stop='1669713779984'>
                    <name>POST /session/:sessionId/element/0e55c72f-5ed1-49ef-a45d-5296aa6d4eb6/click</name>
                    <title>POST /session/:sessionId/element/0e55c72f-5ed1-49ef-a45d-5296aa6d4eb6/click</title>
                    <attachments/>
                    <steps/>
                </step>
            </steps>
            <attachments/>
        </test-case>
        <test-case start='1669713779986' status='broken' stop='1669713779988'>
            <name>When You enter the word "Windows" in the search bar (top middle)</name>
            <title>When You enter the word "Windows" in the search bar (top middle)</title>
            <labels>
                <label name='language' value='javascript'/>
                <label name='framework' value='wdio'/>
                <label name='thread' value='0-0'/>
            </labels>
            <parameters>
                <parameter kind='argument' name='browser' value='chrome-107.0.5304.121'/>
            </parameters>
            <steps/>
            <attachments/>
            <failure>
                <message>Step "You enter the word "Windows" in the search bar (top middle)" is not defined. You can ignore this error by setting cucumberOpts.ignoreUndefinedDefinitions as true.</message>
                <stack-trace>Step "You enter the word "Windows" in the search bar (top middle)" is not defined. You can ignore this error by setting cucumberOpts.ignoreUndefinedDefinitions as true.
                	at Feature(C:\Users\iva\OneDrive\Documents\EvolutionQABootcamp\repos\E2E-Bootcamp-Hometask\features\bootcamp.feature):1:1
                	at Scenario(Search Bar):7:3
                	at Step(You enter the word "Windows" in the search bar (top middle)):8:5
                </stack-trace>
            </failure>
        </test-case>
        <test-case start='1669713779988' status='broken' stop='1669713779990'>
            <name>* Click the search button</name>
            <title>* Click the search button</title>
            <labels>
                <label name='language' value='javascript'/>
                <label name='framework' value='wdio'/>
                <label name='thread' value='0-0'/>
            </labels>
            <parameters>
                <parameter kind='argument' name='browser' value='chrome-107.0.5304.121'/>
            </parameters>
            <steps/>
            <attachments/>
            <failure>
                <message>Step "Click the search button" is not defined. You can ignore this error by setting cucumberOpts.ignoreUndefinedDefinitions as true.</message>
                <stack-trace>Step "Click the search button" is not defined. You can ignore this error by setting cucumberOpts.ignoreUndefinedDefinitions as true.
                	at Feature(C:\Users\iva\OneDrive\Documents\EvolutionQABootcamp\repos\E2E-Bootcamp-Hometask\features\bootcamp.feature):1:1
                	at Scenario(Search Bar):7:3
                	at Step(Click the search button):9:5
                </stack-trace>
            </failure>
        </test-case>
        <test-case start='1669713779991' status='pending' stop='1669713779992'>
            <name>Then Check that at least one item appears</name>
            <title>Then Check that at least one item appears</title>
            <labels>
                <label name='language' value='javascript'/>
                <label name='framework' value='wdio'/>
                <label name='thread' value='0-0'/>
            </labels>
            <parameters>
                <parameter kind='argument' name='browser' value='chrome-107.0.5304.121'/>
            </parameters>
            <steps/>
            <attachments/>
        </test-case>
        <test-case start='1669713779992' status='passed' stop='1669713779994'>
            <name></name>
            <title></title>
            <labels>
                <label name='language' value='javascript'/>
                <label name='framework' value='wdio'/>
                <label name='thread' value='0-0'/>
            </labels>
            <parameters>
                <parameter kind='argument' name='browser' value='chrome-107.0.5304.121'/>
            </parameters>
            <steps/>
            <attachments/>
        </test-case>
    </test-cases>
</ns2:test-suite>