<?xml version='1.0'?>
<ns2:test-suite xmlns:ns2='urn:model.allure.qatools.yandex.ru' start='1669667108070' stop='1669667120623'>
    <name>Bootcamp E2E: Search Bar</name>
    <title>Bootcamp E2E: Search Bar</title>
    <test-cases>
        <test-case start='1669667108071' status='passed' stop='1669667108073'>
            <name></name>
            <title></title>
            <labels>
                <label name='language' value='javascript'/>
                <label name='framework' value='wdio'/>
                <label name='thread' value='0-0'/>
            </labels>
            <parameters>
                <parameter kind='argument' name='browser' value='chrome-107.0.5304.121'/>
            </parameters>
            <steps/>
            <attachments/>
        </test-case>
        <test-case start='1669667108073' status='passed' stop='1669667114271'>
            <name>Given You are on Newegg home page</name>
            <title>Given You are on Newegg home page</title>
            <labels>
                <label name='language' value='javascript'/>
                <label name='framework' value='wdio'/>
                <label name='thread' value='0-0'/>
            </labels>
            <parameters>
                <parameter kind='argument' name='browser' value='chrome-107.0.5304.121'/>
            </parameters>
            <steps>
                <step start='1669667108076' status='passed' stop='1669667114270'>
                    <name>POST /session/:sessionId/url</name>
                    <title>POST /session/:sessionId/url</title>
                    <attachments>
                        <attachment title='Request' source='5fa46fb4-99a0-4bb3-a34b-2bdd31281ddb-attachment.json' type='application/json' size='38'/>
                    </attachments>
                    <steps/>
                </step>
            </steps>
            <attachments/>
        </test-case>
        <test-case start='1669667114271' status='passed' stop='1669667120613'>
            <name>* Close the promo banner if it appears</name>
            <title>* Close the promo banner if it appears</title>
            <labels>
                <label name='language' value='javascript'/>
                <label name='framework' value='wdio'/>
                <label name='thread' value='0-0'/>
            </labels>
            <parameters>
                <parameter kind='argument' name='browser' value='chrome-107.0.5304.121'/>
            </parameters>
            <steps>
                <step start='1669667114274' status='passed' stop='1669667114394'>
                    <name>POST /session/:sessionId/element</name>
                    <title>POST /session/:sessionId/element</title>
                    <attachments>
                        <attachment title='Request' source='cefa5c1b-8374-4cdb-8aa9-a476bd13eba5-attachment.json' type='application/json' size='58'/>
                        <attachment title='Response' source='ee8bbe10-03ed-41c6-b4b7-e08bdb0e7446-attachment.json' type='application/json' size='1025'/>
                    </attachments>
                    <steps/>
                </step>
                <step start='1669667114409' status='passed' stop='1669667114591'>
                    <name>POST /session/:sessionId/element</name>
                    <title>POST /session/:sessionId/element</title>
                    <attachments>
                        <attachment title='Request' source='afb79f04-f515-4e4e-8619-8967bf9d8bd9-attachment.json' type='application/json' size='58'/>
                        <attachment title='Response' source='9eb0a351-4608-4688-b52d-fe63f28aac82-attachment.json' type='application/json' size='1025'/>
                    </attachments>
                    <steps/>
                </step>
                <step start='1669667114919' status='passed' stop='1669667115981'>
                    <name>POST /session/:sessionId/element</name>
                    <title>POST /session/:sessionId/element</title>
                    <attachments>
                        <attachment title='Request' source='eed0b2cb-120e-4224-b52a-16056e40bf20-attachment.json' type='application/json' size='58'/>
                        <attachment title='Response' source='b83e699b-cf5d-40d9-9d8e-bfd59894a5e6-attachment.json' type='application/json' size='1025'/>
                    </attachments>
                    <steps/>
                </step>
                <step start='1669667116002' status='passed' stop='1669667116243'>
                    <name>POST /session/:sessionId/element</name>
                    <title>POST /session/:sessionId/element</title>
                    <attachments>
                        <attachment title='Request' source='b3959d03-6a3f-450d-9115-d2c80ef98c4e-attachment.json' type='application/json' size='58'/>
                        <attachment title='Response' source='b293a808-86b2-45d3-a69a-0d75444c1aaa-attachment.json' type='application/json' size='1025'/>
                    </attachments>
                    <steps/>
                </step>
                <step start='1669667116252' status='passed' stop='1669667117012'>
                    <name>POST /session/:sessionId/element</name>
                    <title>POST /session/:sessionId/element</title>
                    <attachments>
                        <attachment title='Request' source='5ed72e6f-3c8d-4739-868c-c51b42393fa0-attachment.json' type='application/json' size='58'/>
                        <attachment title='Response' source='9093764a-f832-46e8-910a-8df4612a0cc9-attachment.json' type='application/json' size='83'/>
                    </attachments>
                    <steps/>
                </step>
                <step start='1669667117018' status='passed' stop='1669667118157'>
                    <name>POST /session/:sessionId/execute/sync</name>
                    <title>POST /session/:sessionId/execute/sync</title>
                    <attachments>
                        <attachment title='Request' source='c1d3b487-5d91-4995-ac2d-2700f43fced2-attachment.json' type='application/json' size='8338'/>
                        <attachment title='Response' source='647a3e82-019e-4b14-bc38-20a8d4e82a27-attachment.json' type='application/json' size='4'/>
                    </attachments>
                    <steps/>
                </step>
                <step start='1669667118158' status='passed' stop='1669667119769'>
                    <name>POST /session/:sessionId/element</name>
                    <title>POST /session/:sessionId/element</title>
                    <attachments>
                        <attachment title='Request' source='95eec231-2e4c-41e8-9722-e57b986fa750-attachment.json' type='application/json' size='114'/>
                        <attachment title='Response' source='f54ceeda-37e9-4c19-9bef-4e61d6f71d4e-attachment.json' type='application/json' size='83'/>
                    </attachments>
                    <steps/>
                </step>
                <step start='1669667119775' status='passed' stop='1669667120611'>
                    <name>POST /session/:sessionId/element/6fd5eae7-fd25-4073-b87e-7958672e241a/click</name>
                    <title>POST /session/:sessionId/element/6fd5eae7-fd25-4073-b87e-7958672e241a/click</title>
                    <attachments/>
                    <steps/>
                </step>
            </steps>
            <attachments/>
        </test-case>
        <test-case start='1669667120613' status='broken' stop='1669667120615'>
            <name>When You enter the word "Windows" in the search bar (top middle)</name>
            <title>When You enter the word "Windows" in the search bar (top middle)</title>
            <labels>
                <label name='language' value='javascript'/>
                <label name='framework' value='wdio'/>
                <label name='thread' value='0-0'/>
            </labels>
            <parameters>
                <parameter kind='argument' name='browser' value='chrome-107.0.5304.121'/>
            </parameters>
            <steps/>
            <attachments/>
            <failure>
                <message>Step "You enter the word "Windows" in the search bar (top middle)" is not defined. You can ignore this error by setting cucumberOpts.ignoreUndefinedDefinitions as true.</message>
                <stack-trace>Step "You enter the word "Windows" in the search bar (top middle)" is not defined. You can ignore this error by setting cucumberOpts.ignoreUndefinedDefinitions as true.
                	at Feature(C:\Users\iva\OneDrive\Documents\EvolutionQABootcamp\repos\E2E-Bootcamp-Hometask\features\bootcamp.feature):1:1
                	at Scenario(Search Bar):7:3
                	at Step(You enter the word "Windows" in the search bar (top middle)):8:5
                </stack-trace>
            </failure>
        </test-case>
        <test-case start='1669667120615' status='broken' stop='1669667120617'>
            <name>* Click the search button</name>
            <title>* Click the search button</title>
            <labels>
                <label name='language' value='javascript'/>
                <label name='framework' value='wdio'/>
                <label name='thread' value='0-0'/>
            </labels>
            <parameters>
                <parameter kind='argument' name='browser' value='chrome-107.0.5304.121'/>
            </parameters>
            <steps/>
            <attachments/>
            <failure>
                <message>Step "Click the search button" is not defined. You can ignore this error by setting cucumberOpts.ignoreUndefinedDefinitions as true.</message>
                <stack-trace>Step "Click the search button" is not defined. You can ignore this error by setting cucumberOpts.ignoreUndefinedDefinitions as true.
                	at Feature(C:\Users\iva\OneDrive\Documents\EvolutionQABootcamp\repos\E2E-Bootcamp-Hometask\features\bootcamp.feature):1:1
                	at Scenario(Search Bar):7:3
                	at Step(Click the search button):9:5
                </stack-trace>
            </failure>
        </test-case>
        <test-case start='1669667120617' status='pending' stop='1669667120619'>
            <name>Then Check that at least one item appears</name>
            <title>Then Check that at least one item appears</title>
            <labels>
                <label name='language' value='javascript'/>
                <label name='framework' value='wdio'/>
                <label name='thread' value='0-0'/>
            </labels>
            <parameters>
                <parameter kind='argument' name='browser' value='chrome-107.0.5304.121'/>
            </parameters>
            <steps/>
            <attachments/>
        </test-case>
        <test-case start='1669667120620' status='passed' stop='1669667120621'>
            <name></name>
            <title></title>
            <labels>
                <label name='language' value='javascript'/>
                <label name='framework' value='wdio'/>
                <label name='thread' value='0-0'/>
            </labels>
            <parameters>
                <parameter kind='argument' name='browser' value='chrome-107.0.5304.121'/>
            </parameters>
            <steps/>
            <attachments/>
        </test-case>
    </test-cases>
</ns2:test-suite>