<?xml version='1.0'?>
<ns2:test-suite xmlns:ns2='urn:model.allure.qatools.yandex.ru' start='1669713908198' stop='1669713926508'>
    <name>Bootcamp E2E: Search Bar</name>
    <title>Bootcamp E2E: Search Bar</title>
    <test-cases>
        <test-case start='1669713908200' status='passed' stop='1669713908206'>
            <name></name>
            <title></title>
            <labels>
                <label name='language' value='javascript'/>
                <label name='framework' value='wdio'/>
                <label name='thread' value='0-0'/>
            </labels>
            <parameters>
                <parameter kind='argument' name='browser' value='chrome-107.0.5304.121'/>
            </parameters>
            <steps/>
            <attachments/>
        </test-case>
        <test-case start='1669713908207' status='passed' stop='1669713921334'>
            <name>Given You are on Newegg home page</name>
            <title>Given You are on Newegg home page</title>
            <labels>
                <label name='language' value='javascript'/>
                <label name='framework' value='wdio'/>
                <label name='thread' value='0-0'/>
            </labels>
            <parameters>
                <parameter kind='argument' name='browser' value='chrome-107.0.5304.121'/>
            </parameters>
            <steps>
                <step start='1669713908214' status='passed' stop='1669713921331'>
                    <name>POST /session/:sessionId/url</name>
                    <title>POST /session/:sessionId/url</title>
                    <attachments>
                        <attachment title='Request' source='f2954de0-ce8d-495f-9a3a-3c93c87682ef-attachment.json' type='application/json' size='38'/>
                    </attachments>
                    <steps/>
                </step>
            </steps>
            <attachments/>
        </test-case>
        <test-case start='1669713921335' status='passed' stop='1669713926496'>
            <name>* Close the promo banner if it appears</name>
            <title>* Close the promo banner if it appears</title>
            <labels>
                <label name='language' value='javascript'/>
                <label name='framework' value='wdio'/>
                <label name='thread' value='0-0'/>
            </labels>
            <parameters>
                <parameter kind='argument' name='browser' value='chrome-107.0.5304.121'/>
            </parameters>
            <steps>
                <step start='1669713921341' status='passed' stop='1669713921954'>
                    <name>POST /session/:sessionId/element</name>
                    <title>POST /session/:sessionId/element</title>
                    <attachments>
                        <attachment title='Request' source='d536fe4f-14ca-4d23-a1f6-c538bdfe9045-attachment.json' type='application/json' size='58'/>
                        <attachment title='Response' source='1e1d4657-0a27-45a5-a6ed-f18126b8465f-attachment.json' type='application/json' size='1025'/>
                    </attachments>
                    <steps/>
                </step>
                <step start='1669713921995' status='passed' stop='1669713924685'>
                    <name>POST /session/:sessionId/element</name>
                    <title>POST /session/:sessionId/element</title>
                    <attachments>
                        <attachment title='Request' source='43bde8ed-4794-4893-bc19-e62d2b853f0e-attachment.json' type='application/json' size='58'/>
                        <attachment title='Response' source='8e3dd139-8e53-40c3-b103-f56c38998697-attachment.json' type='application/json' size='1025'/>
                    </attachments>
                    <steps/>
                </step>
                <step start='1669713924702' status='passed' stop='1669713924878'>
                    <name>POST /session/:sessionId/element</name>
                    <title>POST /session/:sessionId/element</title>
                    <attachments>
                        <attachment title='Request' source='b9f6327c-eee3-4d3e-8370-68a2559a91de-attachment.json' type='application/json' size='58'/>
                        <attachment title='Response' source='8b143fc8-386c-487e-9c57-a174ab9e30d1-attachment.json' type='application/json' size='1025'/>
                    </attachments>
                    <steps/>
                </step>
                <step start='1669713924893' status='passed' stop='1669713925300'>
                    <name>POST /session/:sessionId/element</name>
                    <title>POST /session/:sessionId/element</title>
                    <attachments>
                        <attachment title='Request' source='808803af-32c2-4606-b70a-ee066092928a-attachment.json' type='application/json' size='58'/>
                        <attachment title='Response' source='c1726b2e-d3ad-4090-9414-d0cee81b44be-attachment.json' type='application/json' size='83'/>
                    </attachments>
                    <steps/>
                </step>
                <step start='1669713925306' status='passed' stop='1669713925455'>
                    <name>POST /session/:sessionId/execute/sync</name>
                    <title>POST /session/:sessionId/execute/sync</title>
                    <attachments>
                        <attachment title='Request' source='c415ac00-0388-415f-8c4a-6ac1ed6c2cfd-attachment.json' type='application/json' size='8338'/>
                        <attachment title='Response' source='39368efc-07c1-4030-9bd7-d1271853f50c-attachment.json' type='application/json' size='4'/>
                    </attachments>
                    <steps/>
                </step>
                <step start='1669713925456' status='passed' stop='1669713925580'>
                    <name>POST /session/:sessionId/element</name>
                    <title>POST /session/:sessionId/element</title>
                    <attachments>
                        <attachment title='Request' source='2234bb70-e931-4df2-b328-e2be3bcd358c-attachment.json' type='application/json' size='114'/>
                        <attachment title='Response' source='bd6bb752-1418-41b7-b090-f1e9f9a8ae4f-attachment.json' type='application/json' size='83'/>
                    </attachments>
                    <steps/>
                </step>
                <step start='1669713925586' status='passed' stop='1669713926493'>
                    <name>POST /session/:sessionId/element/1cebaaec-0758-4b63-8a86-55969b2a4824/click</name>
                    <title>POST /session/:sessionId/element/1cebaaec-0758-4b63-8a86-55969b2a4824/click</title>
                    <attachments/>
                    <steps/>
                </step>
            </steps>
            <attachments/>
        </test-case>
        <test-case start='1669713926497' status='broken' stop='1669713926501'>
            <name>When You enter the word "Windows" in the search bar (top middle)</name>
            <title>When You enter the word "Windows" in the search bar (top middle)</title>
            <labels>
                <label name='language' value='javascript'/>
                <label name='framework' value='wdio'/>
                <label name='thread' value='0-0'/>
            </labels>
            <parameters>
                <parameter kind='argument' name='browser' value='chrome-107.0.5304.121'/>
            </parameters>
            <steps/>
            <attachments/>
            <failure>
                <message>Step "You enter the word "Windows" in the search bar (top middle)" is not defined. You can ignore this error by setting cucumberOpts.ignoreUndefinedDefinitions as true.</message>
                <stack-trace>Step "You enter the word "Windows" in the search bar (top middle)" is not defined. You can ignore this error by setting cucumberOpts.ignoreUndefinedDefinitions as true.
                	at Feature(C:\Users\iva\OneDrive\Documents\EvolutionQABootcamp\repos\E2E-Bootcamp-Hometask\features\bootcamp.feature):1:1
                	at Scenario(Search Bar):7:3
                	at Step(You enter the word "Windows" in the search bar (top middle)):8:5
                </stack-trace>
            </failure>
        </test-case>
        <test-case start='1669713926501' status='broken' stop='1669713926502'>
            <name>* Click the search button</name>
            <title>* Click the search button</title>
            <labels>
                <label name='language' value='javascript'/>
                <label name='framework' value='wdio'/>
                <label name='thread' value='0-0'/>
            </labels>
            <parameters>
                <parameter kind='argument' name='browser' value='chrome-107.0.5304.121'/>
            </parameters>
            <steps/>
            <attachments/>
            <failure>
                <message>Step "Click the search button" is not defined. You can ignore this error by setting cucumberOpts.ignoreUndefinedDefinitions as true.</message>
                <stack-trace>Step "Click the search button" is not defined. You can ignore this error by setting cucumberOpts.ignoreUndefinedDefinitions as true.
                	at Feature(C:\Users\iva\OneDrive\Documents\EvolutionQABootcamp\repos\E2E-Bootcamp-Hometask\features\bootcamp.feature):1:1
                	at Scenario(Search Bar):7:3
                	at Step(Click the search button):9:5
                </stack-trace>
            </failure>
        </test-case>
        <test-case start='1669713926503' status='pending' stop='1669713926504'>
            <name>Then Check that at least one item appears</name>
            <title>Then Check that at least one item appears</title>
            <labels>
                <label name='language' value='javascript'/>
                <label name='framework' value='wdio'/>
                <label name='thread' value='0-0'/>
            </labels>
            <parameters>
                <parameter kind='argument' name='browser' value='chrome-107.0.5304.121'/>
            </parameters>
            <steps/>
            <attachments/>
        </test-case>
        <test-case start='1669713926505' status='passed' stop='1669713926506'>
            <name></name>
            <title></title>
            <labels>
                <label name='language' value='javascript'/>
                <label name='framework' value='wdio'/>
                <label name='thread' value='0-0'/>
            </labels>
            <parameters>
                <parameter kind='argument' name='browser' value='chrome-107.0.5304.121'/>
            </parameters>
            <steps/>
            <attachments/>
        </test-case>
    </test-cases>
</ns2:test-suite>