<?xml version='1.0'?>
<ns2:test-suite xmlns:ns2='urn:model.allure.qatools.yandex.ru' start='1669730804192' stop='1669730816513'>
    <name>Bootcamp E2E: Search Bar</name>
    <title>Bootcamp E2E: Search Bar</title>
    <test-cases>
        <test-case start='1669730804193' status='passed' stop='1669730804196'>
            <name></name>
            <title></title>
            <labels>
                <label name='language' value='javascript'/>
                <label name='framework' value='wdio'/>
                <label name='thread' value='0-0'/>
            </labels>
            <parameters>
                <parameter kind='argument' name='browser' value='chrome-107.0.5304.121'/>
            </parameters>
            <steps/>
            <attachments/>
        </test-case>
        <test-case start='1669730804197' status='passed' stop='1669730811941'>
            <name>Given You are on Newegg home page</name>
            <title>Given You are on Newegg home page</title>
            <labels>
                <label name='language' value='javascript'/>
                <label name='framework' value='wdio'/>
                <label name='thread' value='0-0'/>
            </labels>
            <parameters>
                <parameter kind='argument' name='browser' value='chrome-107.0.5304.121'/>
            </parameters>
            <steps>
                <step start='1669730804201' status='passed' stop='1669730811938'>
                    <name>POST /session/:sessionId/url</name>
                    <title>POST /session/:sessionId/url</title>
                    <attachments>
                        <attachment title='Request' source='58e8ca05-7d6d-4fbf-8ad4-9b64f09bf3dd-attachment.json' type='application/json' size='38'/>
                    </attachments>
                    <steps/>
                </step>
            </steps>
            <attachments/>
        </test-case>
        <test-case start='1669730811941' status='passed' stop='1669730816501'>
            <name>* Close the promo banner if it appears</name>
            <title>* Close the promo banner if it appears</title>
            <labels>
                <label name='language' value='javascript'/>
                <label name='framework' value='wdio'/>
                <label name='thread' value='0-0'/>
            </labels>
            <parameters>
                <parameter kind='argument' name='browser' value='chrome-107.0.5304.121'/>
            </parameters>
            <steps>
                <step start='1669730811948' status='passed' stop='1669730812017'>
                    <name>POST /session/:sessionId/element</name>
                    <title>POST /session/:sessionId/element</title>
                    <attachments>
                        <attachment title='Request' source='08bfd5f0-fdf8-4694-982d-ce2bb8b2b963-attachment.json' type='application/json' size='58'/>
                        <attachment title='Response' source='ba38c256-b9f0-4a0e-9a30-71913b3e7bd1-attachment.json' type='application/json' size='1053'/>
                    </attachments>
                    <steps/>
                </step>
                <step start='1669730812061' status='passed' stop='1669730812105'>
                    <name>POST /session/:sessionId/element</name>
                    <title>POST /session/:sessionId/element</title>
                    <attachments>
                        <attachment title='Request' source='bb500530-0405-42f7-86b9-16502140d4da-attachment.json' type='application/json' size='58'/>
                        <attachment title='Response' source='399e011d-7bcf-4ff7-b065-3053b70d1704-attachment.json' type='application/json' size='1053'/>
                    </attachments>
                    <steps/>
                </step>
                <step start='1669730812561' status='passed' stop='1669730812601'>
                    <name>POST /session/:sessionId/element</name>
                    <title>POST /session/:sessionId/element</title>
                    <attachments>
                        <attachment title='Request' source='faba9a06-fe0b-4729-bb37-d72e37c2f3d1-attachment.json' type='application/json' size='58'/>
                        <attachment title='Response' source='d5905e56-79ab-411b-ba33-dae15777f17a-attachment.json' type='application/json' size='1053'/>
                    </attachments>
                    <steps/>
                </step>
                <step start='1669730813060' status='passed' stop='1669730815065'>
                    <name>POST /session/:sessionId/element</name>
                    <title>POST /session/:sessionId/element</title>
                    <attachments>
                        <attachment title='Request' source='fb42c492-2dd0-4524-87a2-734bce25a8db-attachment.json' type='application/json' size='58'/>
                        <attachment title='Response' source='68480a23-0602-4e2c-a1f6-34ff3ba1bbbf-attachment.json' type='application/json' size='1053'/>
                    </attachments>
                    <steps/>
                </step>
                <step start='1669730815079' status='passed' stop='1669730815283'>
                    <name>POST /session/:sessionId/element</name>
                    <title>POST /session/:sessionId/element</title>
                    <attachments>
                        <attachment title='Request' source='0f8bccb1-d333-4a82-9d3a-9404eb54405f-attachment.json' type='application/json' size='58'/>
                        <attachment title='Response' source='3025824d-0c9f-4daf-90f0-9115cbef399c-attachment.json' type='application/json' size='1053'/>
                    </attachments>
                    <steps/>
                </step>
                <step start='1669730815289' status='passed' stop='1669730815603'>
                    <name>POST /session/:sessionId/element</name>
                    <title>POST /session/:sessionId/element</title>
                    <attachments>
                        <attachment title='Request' source='0fff01fb-eb01-4054-af3f-dec78e765ab2-attachment.json' type='application/json' size='58'/>
                        <attachment title='Response' source='dbf80e12-7424-4e49-a61a-544f9f6274eb-attachment.json' type='application/json' size='1053'/>
                    </attachments>
                    <steps/>
                </step>
                <step start='1669730815621' status='passed' stop='1669730815917'>
                    <name>POST /session/:sessionId/element</name>
                    <title>POST /session/:sessionId/element</title>
                    <attachments>
                        <attachment title='Request' source='d79d61cb-4d92-4d43-be5f-a1377b75cf5c-attachment.json' type='application/json' size='58'/>
                        <attachment title='Response' source='31715b97-cd41-4bbd-8edd-520868cd77d0-attachment.json' type='application/json' size='83'/>
                    </attachments>
                    <steps/>
                </step>
                <step start='1669730815922' status='passed' stop='1669730816098'>
                    <name>POST /session/:sessionId/execute/sync</name>
                    <title>POST /session/:sessionId/execute/sync</title>
                    <attachments>
                        <attachment title='Request' source='b1f5a538-b038-490e-8ef9-9cda6ddada2c-attachment.json' type='application/json' size='8338'/>
                        <attachment title='Response' source='41bf9660-0d3d-4e26-b5d1-8fc53da1ce0d-attachment.json' type='application/json' size='4'/>
                    </attachments>
                    <steps/>
                </step>
                <step start='1669730816099' status='passed' stop='1669730816317'>
                    <name>POST /session/:sessionId/element</name>
                    <title>POST /session/:sessionId/element</title>
                    <attachments>
                        <attachment title='Request' source='ffc13aa6-83c3-40ab-9733-17f969062a8e-attachment.json' type='application/json' size='114'/>
                        <attachment title='Response' source='95a94d7a-280c-452e-af8e-d221004ce20e-attachment.json' type='application/json' size='83'/>
                    </attachments>
                    <steps/>
                </step>
                <step start='1669730816321' status='passed' stop='1669730816499'>
                    <name>POST /session/:sessionId/element/9697793b-8c5c-4269-be07-5581b8d3de50/click</name>
                    <title>POST /session/:sessionId/element/9697793b-8c5c-4269-be07-5581b8d3de50/click</title>
                    <attachments/>
                    <steps/>
                </step>
            </steps>
            <attachments/>
        </test-case>
        <test-case start='1669730816501' status='broken' stop='1669730816503'>
            <name>When You enter the word Windows in the search bar (top middle)</name>
            <title>When You enter the word Windows in the search bar (top middle)</title>
            <labels>
                <label name='language' value='javascript'/>
                <label name='framework' value='wdio'/>
                <label name='thread' value='0-0'/>
            </labels>
            <parameters>
                <parameter kind='argument' name='browser' value='chrome-107.0.5304.121'/>
            </parameters>
            <steps/>
            <attachments/>
            <failure>
                <message>Step "You enter the word Windows in the search bar (top middle)" is not defined. You can ignore this error by setting cucumberOpts.ignoreUndefinedDefinitions as true.</message>
                <stack-trace>Step "You enter the word Windows in the search bar (top middle)" is not defined. You can ignore this error by setting cucumberOpts.ignoreUndefinedDefinitions as true.
                	at Feature(C:\Users\iva\OneDrive\Documents\EvolutionQABootcamp\repos\E2E-Bootcamp-Hometask\features\bootcamp.feature):1:1
                	at Scenario(Search Bar):7:3
                	at Step(You enter the word Windows in the search bar (top middle)):8:5
                </stack-trace>
            </failure>
        </test-case>
        <test-case start='1669730816503' status='broken' stop='1669730816504'>
            <name>* Click the search button</name>
            <title>* Click the search button</title>
            <labels>
                <label name='language' value='javascript'/>
                <label name='framework' value='wdio'/>
                <label name='thread' value='0-0'/>
            </labels>
            <parameters>
                <parameter kind='argument' name='browser' value='chrome-107.0.5304.121'/>
            </parameters>
            <steps/>
            <attachments/>
            <failure>
                <message>Step "Click the search button" is not defined. You can ignore this error by setting cucumberOpts.ignoreUndefinedDefinitions as true.</message>
                <stack-trace>Step "Click the search button" is not defined. You can ignore this error by setting cucumberOpts.ignoreUndefinedDefinitions as true.
                	at Feature(C:\Users\iva\OneDrive\Documents\EvolutionQABootcamp\repos\E2E-Bootcamp-Hometask\features\bootcamp.feature):1:1
                	at Scenario(Search Bar):7:3
                	at Step(Click the search button):9:5
                </stack-trace>
            </failure>
        </test-case>
        <test-case start='1669730816505' status='pending' stop='1669730816507'>
            <name>Then Check that at least one item appears</name>
            <title>Then Check that at least one item appears</title>
            <labels>
                <label name='language' value='javascript'/>
                <label name='framework' value='wdio'/>
                <label name='thread' value='0-0'/>
            </labels>
            <parameters>
                <parameter kind='argument' name='browser' value='chrome-107.0.5304.121'/>
            </parameters>
            <steps/>
            <attachments/>
        </test-case>
        <test-case start='1669730816508' status='passed' stop='1669730816510'>
            <name></name>
            <title></title>
            <labels>
                <label name='language' value='javascript'/>
                <label name='framework' value='wdio'/>
                <label name='thread' value='0-0'/>
            </labels>
            <parameters>
                <parameter kind='argument' name='browser' value='chrome-107.0.5304.121'/>
            </parameters>
            <steps/>
            <attachments/>
        </test-case>
    </test-cases>
</ns2:test-suite>