<?xml version='1.0'?>
<ns2:test-suite xmlns:ns2='urn:model.allure.qatools.yandex.ru' start='1669811505564' stop='1669811518694'>
    <name>Bootcamp E2E: Internet shop logo button</name>
    <title>Bootcamp E2E: Internet shop logo button</title>
    <test-cases>
        <test-case start='1669811505567' status='passed' stop='1669811505573'>
            <name></name>
            <title></title>
            <labels>
                <label name='language' value='javascript'/>
                <label name='framework' value='wdio'/>
                <label name='thread' value='0-0'/>
            </labels>
            <parameters>
                <parameter kind='argument' name='browser' value='chrome-107.0.5304.121'/>
            </parameters>
            <steps/>
            <attachments/>
        </test-case>
        <test-case start='1669811505573' status='passed' stop='1669811514257'>
            <name>Given I am on the Newegg home page</name>
            <title>Given I am on the Newegg home page</title>
            <labels>
                <label name='language' value='javascript'/>
                <label name='framework' value='wdio'/>
                <label name='thread' value='0-0'/>
            </labels>
            <parameters>
                <parameter kind='argument' name='browser' value='chrome-107.0.5304.121'/>
            </parameters>
            <steps>
                <step start='1669811505580' status='passed' stop='1669811514255'>
                    <name>POST /session/:sessionId/url</name>
                    <title>POST /session/:sessionId/url</title>
                    <attachments>
                        <attachment title='Request' source='d5ef2ad3-d967-42f8-8005-afe2b75ca764-attachment.json' type='application/json' size='38'/>
                    </attachments>
                    <steps/>
                </step>
            </steps>
            <attachments/>
        </test-case>
        <test-case start='1669811514257' status='passed' stop='1669811518681'>
            <name>* I can close the promo banner if it appears</name>
            <title>* I can close the promo banner if it appears</title>
            <labels>
                <label name='language' value='javascript'/>
                <label name='framework' value='wdio'/>
                <label name='thread' value='0-0'/>
            </labels>
            <parameters>
                <parameter kind='argument' name='browser' value='chrome-107.0.5304.121'/>
            </parameters>
            <steps>
                <step start='1669811514263' status='passed' stop='1669811514426'>
                    <name>POST /session/:sessionId/element</name>
                    <title>POST /session/:sessionId/element</title>
                    <attachments>
                        <attachment title='Request' source='cf6d47ca-9d4d-4364-9558-a14703a4b68d-attachment.json' type='application/json' size='58'/>
                        <attachment title='Response' source='188784e9-2925-46fc-ac68-c302d39e2599-attachment.json' type='application/json' size='1025'/>
                    </attachments>
                    <steps/>
                </step>
                <step start='1669811514449' status='passed' stop='1669811514494'>
                    <name>POST /session/:sessionId/element</name>
                    <title>POST /session/:sessionId/element</title>
                    <attachments>
                        <attachment title='Request' source='da25efe5-98bd-43b1-832c-e6d5efe4bfe9-attachment.json' type='application/json' size='58'/>
                        <attachment title='Response' source='29a8bb5f-ecb0-4f3e-ab10-c6fa4c3aee70-attachment.json' type='application/json' size='1025'/>
                    </attachments>
                    <steps/>
                </step>
                <step start='1669811514965' status='passed' stop='1669811516155'>
                    <name>POST /session/:sessionId/element</name>
                    <title>POST /session/:sessionId/element</title>
                    <attachments>
                        <attachment title='Request' source='22ac9b87-d77a-49c1-a8d3-e618fba27048-attachment.json' type='application/json' size='58'/>
                        <attachment title='Response' source='b5e66434-8aff-49c5-af7e-4bb65702c9f9-attachment.json' type='application/json' size='1025'/>
                    </attachments>
                    <steps/>
                </step>
                <step start='1669811516161' status='passed' stop='1669811516267'>
                    <name>POST /session/:sessionId/element</name>
                    <title>POST /session/:sessionId/element</title>
                    <attachments>
                        <attachment title='Request' source='b6af7570-2386-41a5-8745-3cb2a39b7209-attachment.json' type='application/json' size='58'/>
                        <attachment title='Response' source='4db1e065-77ff-40c8-b12d-cf359274e407-attachment.json' type='application/json' size='1025'/>
                    </attachments>
                    <steps/>
                </step>
                <step start='1669811516283' status='passed' stop='1669811516645'>
                    <name>POST /session/:sessionId/element</name>
                    <title>POST /session/:sessionId/element</title>
                    <attachments>
                        <attachment title='Request' source='11790d45-2865-4cb6-b6c4-528c64f5557d-attachment.json' type='application/json' size='58'/>
                        <attachment title='Response' source='446d69e6-ffb9-4a1f-b10c-c06d62f62d34-attachment.json' type='application/json' size='1025'/>
                    </attachments>
                    <steps/>
                </step>
                <step start='1669811516650' status='passed' stop='1669811517677'>
                    <name>POST /session/:sessionId/element</name>
                    <title>POST /session/:sessionId/element</title>
                    <attachments>
                        <attachment title='Request' source='6beb8724-151b-4cc4-8eaa-ab937036cc30-attachment.json' type='application/json' size='58'/>
                        <attachment title='Response' source='a09e2fb4-7424-4447-85ae-98d61632cadb-attachment.json' type='application/json' size='83'/>
                    </attachments>
                    <steps/>
                </step>
                <step start='1669811517687' status='passed' stop='1669811518053'>
                    <name>POST /session/:sessionId/execute/sync</name>
                    <title>POST /session/:sessionId/execute/sync</title>
                    <attachments>
                        <attachment title='Request' source='e5e96732-638f-4da5-a901-c4294587d7ff-attachment.json' type='application/json' size='8338'/>
                        <attachment title='Response' source='01fc851c-4d45-4aa2-994b-779fca60b240-attachment.json' type='application/json' size='4'/>
                    </attachments>
                    <steps/>
                </step>
                <step start='1669811518053' status='passed' stop='1669811518176'>
                    <name>POST /session/:sessionId/execute/sync</name>
                    <title>POST /session/:sessionId/execute/sync</title>
                    <attachments>
                        <attachment title='Request' source='ad02f5b8-f7f0-4d37-82c6-3d378dae9aae-attachment.json' type='application/json' size='5649'/>
                        <attachment title='Response' source='ba47d521-1dcf-4fdd-9f3a-fc4e21b63b3b-attachment.json' type='application/json' size='4'/>
                    </attachments>
                    <steps/>
                </step>
                <step start='1669811518177' status='passed' stop='1669811518243'>
                    <name>POST /session/:sessionId/element</name>
                    <title>POST /session/:sessionId/element</title>
                    <attachments>
                        <attachment title='Request' source='71e1e18b-fc1c-4eb8-a0aa-ed1483d092c3-attachment.json' type='application/json' size='114'/>
                        <attachment title='Response' source='349228e8-a1e2-4e23-aebd-0a6dfbec0642-attachment.json' type='application/json' size='83'/>
                    </attachments>
                    <steps/>
                </step>
                <step start='1669811518248' status='passed' stop='1669811518679'>
                    <name>POST /session/:sessionId/element/ac3335aa-7a05-49ef-85c0-b9e92fb0b6c3/click</name>
                    <title>POST /session/:sessionId/element/ac3335aa-7a05-49ef-85c0-b9e92fb0b6c3/click</title>
                    <attachments/>
                    <steps/>
                </step>
            </steps>
            <attachments/>
        </test-case>
        <test-case start='1669811518681' status='broken' stop='1669811518683'>
            <name>When I open Today's Best Deals tab</name>
            <title>When I open Today's Best Deals tab</title>
            <labels>
                <label name='language' value='javascript'/>
                <label name='framework' value='wdio'/>
                <label name='thread' value='0-0'/>
            </labels>
            <parameters>
                <parameter kind='argument' name='browser' value='chrome-107.0.5304.121'/>
            </parameters>
            <steps/>
            <attachments/>
            <failure>
                <message>Step "I open Today's Best Deals tab" is not defined. You can ignore this error by setting cucumberOpts.ignoreUndefinedDefinitions as true.</message>
                <stack-trace>Step "I open Today's Best Deals tab" is not defined. You can ignore this error by setting cucumberOpts.ignoreUndefinedDefinitions as true.
                	at Feature(C:\Users\iva\OneDrive\Documents\EvolutionQABootcamp\repos\E2E-Bootcamp-Hometask\features\bootcamp.feature):1:1
                	at Scenario(Internet shop logo button):13:3
                	at Step(I open Today's Best Deals tab):14:5
                </stack-trace>
            </failure>
        </test-case>
        <test-case start='1669811518683' status='broken' stop='1669811518684'>
            <name>* I click on the Internet shop logo located top right corner</name>
            <title>* I click on the Internet shop logo located top right corner</title>
            <labels>
                <label name='language' value='javascript'/>
                <label name='framework' value='wdio'/>
                <label name='thread' value='0-0'/>
            </labels>
            <parameters>
                <parameter kind='argument' name='browser' value='chrome-107.0.5304.121'/>
            </parameters>
            <steps/>
            <attachments/>
            <failure>
                <message>Step "I click on the Internet shop logo located top right corner" is not defined. You can ignore this error by setting cucumberOpts.ignoreUndefinedDefinitions as true.</message>
                <stack-trace>Step "I click on the Internet shop logo located top right corner" is not defined. You can ignore this error by setting cucumberOpts.ignoreUndefinedDefinitions as true.
                	at Feature(C:\Users\iva\OneDrive\Documents\EvolutionQABootcamp\repos\E2E-Bootcamp-Hometask\features\bootcamp.feature):1:1
                	at Scenario(Internet shop logo button):13:3
                	at Step(I click on the Internet shop logo located top right corner):15:5
                </stack-trace>
            </failure>
        </test-case>
        <test-case start='1669811518686' status='broken' stop='1669811518688'>
            <name>Then I should see that the main page is opened</name>
            <title>Then I should see that the main page is opened</title>
            <labels>
                <label name='language' value='javascript'/>
                <label name='framework' value='wdio'/>
                <label name='thread' value='0-0'/>
            </labels>
            <parameters>
                <parameter kind='argument' name='browser' value='chrome-107.0.5304.121'/>
            </parameters>
            <steps/>
            <attachments/>
            <failure>
                <message>Step "I should see that the main page is opened" is not defined. You can ignore this error by setting cucumberOpts.ignoreUndefinedDefinitions as true.</message>
                <stack-trace>Step "I should see that the main page is opened" is not defined. You can ignore this error by setting cucumberOpts.ignoreUndefinedDefinitions as true.
                	at Feature(C:\Users\iva\OneDrive\Documents\EvolutionQABootcamp\repos\E2E-Bootcamp-Hometask\features\bootcamp.feature):1:1
                	at Scenario(Internet shop logo button):13:3
                	at Step(I should see that the main page is opened):16:5
                </stack-trace>
            </failure>
        </test-case>
        <test-case start='1669811518688' status='passed' stop='1669811518691'>
            <name></name>
            <title></title>
            <labels>
                <label name='language' value='javascript'/>
                <label name='framework' value='wdio'/>
                <label name='thread' value='0-0'/>
            </labels>
            <parameters>
                <parameter kind='argument' name='browser' value='chrome-107.0.5304.121'/>
            </parameters>
            <steps/>
            <attachments/>
        </test-case>
    </test-cases>
</ns2:test-suite>