<?xml version='1.0'?>
<ns2:test-suite xmlns:ns2='urn:model.allure.qatools.yandex.ru' start='1669812765676' stop='1669812780502'>
    <name>Bootcamp E2E: Internet shop logo button</name>
    <title>Bootcamp E2E: Internet shop logo button</title>
    <test-cases>
        <test-case start='1669812765679' status='passed' stop='1669812765683'>
            <name></name>
            <title></title>
            <labels>
                <label name='language' value='javascript'/>
                <label name='framework' value='wdio'/>
                <label name='thread' value='0-0'/>
            </labels>
            <parameters>
                <parameter kind='argument' name='browser' value='chrome-107.0.5304.121'/>
            </parameters>
            <steps/>
            <attachments/>
        </test-case>
        <test-case start='1669812765684' status='passed' stop='1669812777303'>
            <name>Given I am on the Newegg home page</name>
            <title>Given I am on the Newegg home page</title>
            <labels>
                <label name='language' value='javascript'/>
                <label name='framework' value='wdio'/>
                <label name='thread' value='0-0'/>
            </labels>
            <parameters>
                <parameter kind='argument' name='browser' value='chrome-107.0.5304.121'/>
            </parameters>
            <steps>
                <step start='1669812765689' status='passed' stop='1669812777299'>
                    <name>POST /session/:sessionId/url</name>
                    <title>POST /session/:sessionId/url</title>
                    <attachments>
                        <attachment title='Request' source='877605e9-ca71-42e4-8bca-97b6fbcf461f-attachment.json' type='application/json' size='38'/>
                    </attachments>
                    <steps/>
                </step>
            </steps>
            <attachments/>
        </test-case>
        <test-case start='1669812777303' status='passed' stop='1669812780492'>
            <name>* I can close the promo banner if it appears</name>
            <title>* I can close the promo banner if it appears</title>
            <labels>
                <label name='language' value='javascript'/>
                <label name='framework' value='wdio'/>
                <label name='thread' value='0-0'/>
            </labels>
            <parameters>
                <parameter kind='argument' name='browser' value='chrome-107.0.5304.121'/>
            </parameters>
            <steps>
                <step start='1669812777310' status='passed' stop='1669812777523'>
                    <name>POST /session/:sessionId/element</name>
                    <title>POST /session/:sessionId/element</title>
                    <attachments>
                        <attachment title='Request' source='d1e1d4c2-8d2e-47e8-9a4e-0ec46a1dbbe8-attachment.json' type='application/json' size='58'/>
                        <attachment title='Response' source='d8330b00-a133-4ae0-9ad9-5f1f844a691d-attachment.json' type='application/json' size='1025'/>
                    </attachments>
                    <steps/>
                </step>
                <step start='1669812777553' status='passed' stop='1669812777683'>
                    <name>POST /session/:sessionId/element</name>
                    <title>POST /session/:sessionId/element</title>
                    <attachments>
                        <attachment title='Request' source='8bdf7a7e-da1c-421e-a43b-f0b84f462e2f-attachment.json' type='application/json' size='58'/>
                        <attachment title='Response' source='642ae585-5334-4231-999d-c9dcd8d2f390-attachment.json' type='application/json' size='1025'/>
                    </attachments>
                    <steps/>
                </step>
                <step start='1669812778057' status='passed' stop='1669812778886'>
                    <name>POST /session/:sessionId/element</name>
                    <title>POST /session/:sessionId/element</title>
                    <attachments>
                        <attachment title='Request' source='b66e1a72-c5eb-4dcc-9c2f-beec767c8ddc-attachment.json' type='application/json' size='58'/>
                        <attachment title='Response' source='03167d26-aa8c-4c0b-b51f-c9990ab8a68a-attachment.json' type='application/json' size='1025'/>
                    </attachments>
                    <steps/>
                </step>
                <step start='1669812778899' status='passed' stop='1669812779065'>
                    <name>POST /session/:sessionId/element</name>
                    <title>POST /session/:sessionId/element</title>
                    <attachments>
                        <attachment title='Request' source='8a028048-38fb-4e7d-a702-4712cd05e519-attachment.json' type='application/json' size='58'/>
                        <attachment title='Response' source='5585a303-3428-4682-81a2-d540ee9aeb33-attachment.json' type='application/json' size='1025'/>
                    </attachments>
                    <steps/>
                </step>
                <step start='1669812779078' status='passed' stop='1669812779156'>
                    <name>POST /session/:sessionId/element</name>
                    <title>POST /session/:sessionId/element</title>
                    <attachments>
                        <attachment title='Request' source='31beee62-ea05-4d6d-86a4-c437444600cc-attachment.json' type='application/json' size='58'/>
                        <attachment title='Response' source='3478a8f8-5f30-4c36-a4d2-45dae2d32fab-attachment.json' type='application/json' size='1025'/>
                    </attachments>
                    <steps/>
                </step>
                <step start='1669812779546' status='passed' stop='1669812779931'>
                    <name>POST /session/:sessionId/element</name>
                    <title>POST /session/:sessionId/element</title>
                    <attachments>
                        <attachment title='Request' source='e8cdebf4-cc21-48d6-beae-4dc5ae1f7ef4-attachment.json' type='application/json' size='58'/>
                        <attachment title='Response' source='2007dd26-fb57-468b-9b53-fe37d79e6178-attachment.json' type='application/json' size='83'/>
                    </attachments>
                    <steps/>
                </step>
                <step start='1669812779944' status='passed' stop='1669812780131'>
                    <name>POST /session/:sessionId/execute/sync</name>
                    <title>POST /session/:sessionId/execute/sync</title>
                    <attachments>
                        <attachment title='Request' source='d5af8081-aec0-40d1-b506-cd103daff66d-attachment.json' type='application/json' size='8338'/>
                        <attachment title='Response' source='552ec916-f74b-45ff-a71b-7823b9831bce-attachment.json' type='application/json' size='4'/>
                    </attachments>
                    <steps/>
                </step>
                <step start='1669812780132' status='passed' stop='1669812780189'>
                    <name>POST /session/:sessionId/execute/sync</name>
                    <title>POST /session/:sessionId/execute/sync</title>
                    <attachments>
                        <attachment title='Request' source='85c8e815-b91c-4a7c-9c44-a682b51c8428-attachment.json' type='application/json' size='5649'/>
                        <attachment title='Response' source='b4bfe0a4-1996-4fe5-be70-f7c9440fbae0-attachment.json' type='application/json' size='4'/>
                    </attachments>
                    <steps/>
                </step>
                <step start='1669812780192' status='passed' stop='1669812780238'>
                    <name>POST /session/:sessionId/element</name>
                    <title>POST /session/:sessionId/element</title>
                    <attachments>
                        <attachment title='Request' source='8c2a7c47-f73b-4493-8c90-cff638715359-attachment.json' type='application/json' size='114'/>
                        <attachment title='Response' source='7720ae49-0823-468c-bdfd-e06ed02fe92c-attachment.json' type='application/json' size='83'/>
                    </attachments>
                    <steps/>
                </step>
                <step start='1669812780243' status='passed' stop='1669812780491'>
                    <name>POST /session/:sessionId/element/2a5c3dbe-c6fa-4b66-9145-32cc44685b2f/click</name>
                    <title>POST /session/:sessionId/element/2a5c3dbe-c6fa-4b66-9145-32cc44685b2f/click</title>
                    <attachments/>
                    <steps/>
                </step>
            </steps>
            <attachments/>
        </test-case>
        <test-case start='1669812780493' status='broken' stop='1669812780494'>
            <name>When I open Today's Best Deals tab</name>
            <title>When I open Today's Best Deals tab</title>
            <labels>
                <label name='language' value='javascript'/>
                <label name='framework' value='wdio'/>
                <label name='thread' value='0-0'/>
            </labels>
            <parameters>
                <parameter kind='argument' name='browser' value='chrome-107.0.5304.121'/>
            </parameters>
            <steps/>
            <attachments/>
            <failure>
                <message>Step "I open Today's Best Deals tab" is not defined. You can ignore this error by setting cucumberOpts.ignoreUndefinedDefinitions as true.</message>
                <stack-trace>Step "I open Today's Best Deals tab" is not defined. You can ignore this error by setting cucumberOpts.ignoreUndefinedDefinitions as true.
                	at Feature(C:\Users\iva\OneDrive\Documents\EvolutionQABootcamp\repos\E2E-Bootcamp-Hometask\features\bootcamp.feature):1:1
                	at Scenario(Internet shop logo button):13:3
                	at Step(I open Today's Best Deals tab):14:5
                </stack-trace>
            </failure>
        </test-case>
        <test-case start='1669812780495' status='broken' stop='1669812780496'>
            <name>* I click on the Internet shop logo located top right corner</name>
            <title>* I click on the Internet shop logo located top right corner</title>
            <labels>
                <label name='language' value='javascript'/>
                <label name='framework' value='wdio'/>
                <label name='thread' value='0-0'/>
            </labels>
            <parameters>
                <parameter kind='argument' name='browser' value='chrome-107.0.5304.121'/>
            </parameters>
            <steps/>
            <attachments/>
            <failure>
                <message>Step "I click on the Internet shop logo located top right corner" is not defined. You can ignore this error by setting cucumberOpts.ignoreUndefinedDefinitions as true.</message>
                <stack-trace>Step "I click on the Internet shop logo located top right corner" is not defined. You can ignore this error by setting cucumberOpts.ignoreUndefinedDefinitions as true.
                	at Feature(C:\Users\iva\OneDrive\Documents\EvolutionQABootcamp\repos\E2E-Bootcamp-Hometask\features\bootcamp.feature):1:1
                	at Scenario(Internet shop logo button):13:3
                	at Step(I click on the Internet shop logo located top right corner):15:5
                </stack-trace>
            </failure>
        </test-case>
        <test-case start='1669812780497' status='broken' stop='1669812780498'>
            <name>Then I should see that the main page is opened</name>
            <title>Then I should see that the main page is opened</title>
            <labels>
                <label name='language' value='javascript'/>
                <label name='framework' value='wdio'/>
                <label name='thread' value='0-0'/>
            </labels>
            <parameters>
                <parameter kind='argument' name='browser' value='chrome-107.0.5304.121'/>
            </parameters>
            <steps/>
            <attachments/>
            <failure>
                <message>Step "I should see that the main page is opened" is not defined. You can ignore this error by setting cucumberOpts.ignoreUndefinedDefinitions as true.</message>
                <stack-trace>Step "I should see that the main page is opened" is not defined. You can ignore this error by setting cucumberOpts.ignoreUndefinedDefinitions as true.
                	at Feature(C:\Users\iva\OneDrive\Documents\EvolutionQABootcamp\repos\E2E-Bootcamp-Hometask\features\bootcamp.feature):1:1
                	at Scenario(Internet shop logo button):13:3
                	at Step(I should see that the main page is opened):16:5
                </stack-trace>
            </failure>
        </test-case>
        <test-case start='1669812780499' status='passed' stop='1669812780500'>
            <name></name>
            <title></title>
            <labels>
                <label name='language' value='javascript'/>
                <label name='framework' value='wdio'/>
                <label name='thread' value='0-0'/>
            </labels>
            <parameters>
                <parameter kind='argument' name='browser' value='chrome-107.0.5304.121'/>
            </parameters>
            <steps/>
            <attachments/>
        </test-case>
    </test-cases>
</ns2:test-suite>